*** Using Compiler 'V5.06 update 5 (build 528)', folder: 'C:\Keil_v5\ARM\ARMCC\Bin'
Build target 'LED'
compiling main.c...
..\HARDWARE\game1\game1.h(3): warning:  #1295-D: Deprecated declaration Buzzer_Init - give arg types
  void Buzzer_Init();    // 蜂鸣器初始化
..\HARDWARE\game1\game1.h(24): warning:  #1-D: last line of file ends without a newline
  #endif
..\HARDWARE\game2\game2.h(73): warning:  #1295-D: Deprecated declaration ponovo - give arg types
    void ponovo();
..\HARDWARE\game2\game2.h(74): warning:  #1295-D: Deprecated declaration get_key_status - give arg types
    int get_key_status();
..\HARDWARE\menu\menu.h(4): warning:  #1-D: last line of file ends without a newline
  #endif
..\HARDWARE\game2\OLED2.h(26): warning:  #47-D: incompatible redefinition of macro "scl_Pin"  (declared at line 67 of "..\HARDWARE\game2\game2.h")
  #define scl_Pin GPIO_Pin_8
..\HARDWARE\game2\OLED2.h(28): warning:  #47-D: incompatible redefinition of macro "sda_Pin"  (declared at line 69 of "..\HARDWARE\game2\game2.h")
  #define sda_Pin GPIO_Pin_9
main.c(65): warning:  #223-D: function "Key_Init" declared implicitly
  	Key_Init();
main.c(67): warning:  #223-D: function "Color_LED_Init" declared implicitly
  	Color_LED_Init();
main.c(68): warning:  #223-D: function "music_PWM_Init" declared implicitly
  	music_PWM_Init();
main.c(69): warning:  #223-D: function "music_PWM_SetCompare4" declared implicitly
  	music_PWM_SetCompare4(0);
main.c(107): warning:  #223-D: function "menu" declared implicitly
  		menu_select_num = menu();
main.c(207): warning:  #223-D: function "MUSIC_Analysis" declared implicitly
  		MUSIC_Analysis();
main.c(244): warning:  #1-D: last line of file ends without a newline
  }
main.c: 14 warnings, 0 errors
linking...
Program Size: Code=38172 RO-data=21640 RW-data=7480 ZI-data=10376  
FromELF: creating hex file...
"..\OBJ\LED.axf" - 0 Error(s), 14 Warning(s).
Build Time Elapsed:  00:00:02
